<?xml version="1.0" encoding="utf-8" standalone="no"?>
<!--This file represents the results of running a test suite-->
<test-results name="/home/daoud/git/DaisyML/DaisyML.Weka.Tests/bin/Debug/DaisyML.Weka.Tests.exe" total="2" errors="0" failures="0" not-run="0" inconclusive="0" ignored="0" skipped="0" invalid="0" date="2012-11-07" time="07:42:37">
  <environment nunit-version="2.6.1.12217" clr-version="2.0.50727.1433" os-version="Unix 2.6.35.32" platform="Unix" cwd="/home/daoud/git/DaisyML/DaisyML.Weka.Tests/bin/Debug" machine-name="ubuntu" user="daoud" user-domain="ubuntu" />
  <culture-info current-culture="en-GB" current-uiculture="en-GB" />
  <test-suite type="Assembly" name="/home/daoud/git/DaisyML/DaisyML.Weka.Tests/bin/Debug/DaisyML.Weka.Tests.exe" executed="True" result="Success" success="True" time="4.218" asserts="0">
    <results>
      <test-suite type="Namespace" name="DaisyML" executed="True" result="Success" success="True" time="4.141" asserts="0">
        <results>
          <test-suite type="Namespace" name="Weka" executed="True" result="Success" success="True" time="4.140" asserts="0">
            <results>
              <test-suite type="Namespace" name="Tests" executed="True" result="Success" success="True" time="4.138" asserts="0">
                <results>
                  <test-suite type="TestFixture" name="WekaInstanceUtilsTest" executed="True" result="Success" success="True" time="4.134" asserts="0">
                    <results>
                      <test-case name="DaisyML.Weka.Tests.WekaInstanceUtilsTest.TestConvertFromAndToWeka" executed="True" result="Success" success="True" time="3.500" asserts="3" />
                      <test-case name="DaisyML.Weka.Tests.WekaInstanceUtilsTest.TestConvertToWeka" executed="True" result="Success" success="True" time="0.088" asserts="3" />
                    </results>
                  </test-suite>
                </results>
              </test-suite>
            </results>
          </test-suite>
        </results>
      </test-suite>
    </results>
  </test-suite>
</test-results>