<?xml version="1.0" encoding="utf-8" standalone="no"?>
<!--This file represents the results of running a test suite-->
<test-results name="/home/daoud/git/DaisyML/DaisyML.Tests/bin/Debug/DaisyML.Tests.exe" total="1" errors="0" failures="0" not-run="0" inconclusive="0" ignored="0" skipped="0" invalid="0" date="2012-10-23" time="08:16:34">
  <environment nunit-version="2.6.1.12217" clr-version="2.0.50727.1433" os-version="Unix 2.6.35.32" platform="Unix" cwd="/home/daoud/git/DaisyML/DaisyML.Tests/bin/Debug" machine-name="ubuntu" user="daoud" user-domain="ubuntu" />
  <culture-info current-culture="en-GB" current-uiculture="en-GB" />
  <test-suite type="Assembly" name="/home/daoud/git/DaisyML/DaisyML.Tests/bin/Debug/DaisyML.Tests.exe" executed="True" result="Success" success="True" time="0.354" asserts="0">
    <results>
      <test-suite type="Namespace" name="DaisyML" executed="True" result="Success" success="True" time="0.296" asserts="0">
        <results>
          <test-suite type="Namespace" name="Tests" executed="True" result="Success" success="True" time="0.295" asserts="0">
            <results>
              <test-suite type="TestFixture" name="InstanceTest" executed="True" result="Success" success="True" time="0.287" asserts="0">
                <results>
                  <test-case name="DaisyML.Tests.InstanceTest.TestGetEnumerator" executed="True" result="Success" success="True" time="0.255" asserts="7" />
                </results>
              </test-suite>
            </results>
          </test-suite>
        </results>
      </test-suite>
    </results>
  </test-suite>
</test-results>